Arguments: 
  /usr/local/bin/node /usr/local/Cellar/yarn/1.22.19/libexec/bin/yarn.js add react-select react-select-country-list react-select/src/types

PATH: 
  /usr/local/bin:/System/Cryptexes/App/usr/bin:/usr/bin:/bin:/usr/sbin:/sbin

Yarn version: 
  1.22.19

Node version: 
  16.17.1

Platform: 
  darwin x64

Trace: 
  Error: https://registry.yarnpkg.com/react-select%2fsrc/types: Request "https://registry.yarnpkg.com/react-select%2fsrc/types" returned a 405
      at Request.params.callback [as _callback] (/usr/local/Cellar/yarn/1.22.19/libexec/lib/cli.js:66154:18)
      at Request.self.callback (/usr/local/Cellar/yarn/1.22.19/libexec/lib/cli.js:140890:22)
      at Request.emit (node:events:513:28)
      at Request.<anonymous> (/usr/local/Cellar/yarn/1.22.19/libexec/lib/cli.js:141862:10)
      at Request.emit (node:events:513:28)
      at IncomingMessage.<anonymous> (/usr/local/Cellar/yarn/1.22.19/libexec/lib/cli.js:141784:12)
      at Object.onceWrapper (node:events:627:28)
      at IncomingMessage.emit (node:events:525:35)
      at endReadableNT (node:internal/streams/readable:1358:12)
      at processTicksAndRejections (node:internal/process/task_queues:83:21)

npm manifest: 
  {
  	"name": "tiptop",
  	"version": "0.1.0",
  	"private": true,
  	"cracoConfig": "craco.config.js",
  	"dependencies": {
  		"@craco/craco": "^7.0.0",
  		"@testing-library/jest-dom": "^5.16.5",
  		"@testing-library/react": "^13.4.0",
  		"@testing-library/user-event": "^13.5.0",
  		"@types/jest": "^27.5.2",
  		"@types/node": "^16.18.12",
  		"@types/react": "^18.0.28",
  		"@types/react-dom": "^18.0.11",
  		"components": "^0.1.0",
  		"react": "^18.2.0",
  		"react-dom": "^18.2.0",
  		"react-responsive": "^9.0.2",
  		"react-responsive-carousel": "^3.2.23",
  		"react-router-hash-link": "^2.4.3",
  		"react-scripts": "5.0.1",
  		"styled-components": "^5.3.6",
  		"ts-jest": "^29.0.5",
  		"typescript": "^4.9.5",
  		"web-vitals": "^2.1.4"
  	},
  	"scripts": {
  		"start": "craco start",
  		"build": "craco build",
  		"test": "craco test",
  		"eject": "craco eject"
  	},
  	"eslintConfig": {
  		"extends": [
  			"react-app",
  			"react-app/jest"
  		]
  	},
  	"browserslist": {
  		"production": [
  			">0.2%",
  			"not dead",
  			"not op_mini all"
  		],
  		"development": [
  			"last 1 chrome version",
  			"last 1 firefox version",
  			"last 1 safari version"
  		]
  	},
  	"devDependencies": {
  		"@types/react-router-hash-link": "^2.4.5",
  		"@types/styled-components": "^5.1.26",
  		"eslint": "^8.34.0"
  	}
  }

yarn manifest: 
  No manifest

Lockfile: 
  No lockfile
